<?xml version="1.0" encoding="UTF-8"?>
<testng-results ignored="0" total="1" passed="1" failed="0" skipped="0">
  <reporter-output>
  </reporter-output>
  <suite started-at="2023-10-03T13:20:46 BDT" name="Default suite" finished-at="2023-10-03T13:21:00 BDT" duration-ms="14495">
    <groups>
    </groups>
    <test started-at="2023-10-03T13:20:46 BDT" name="Default test" finished-at="2023-10-03T13:21:00 BDT" duration-ms="14495">
      <class name="Download.TestCase3">
        <test-method signature="Test3()[pri:0, instance:Download.TestCase3@42530531]" started-at="2023-10-03T13:20:46 BDT" name="Test3" finished-at="2023-10-03T13:21:00 BDT" duration-ms="14357" status="PASS">
          <reporter-output>
          </reporter-output>
        </test-method> <!-- Test3 -->
      </class> <!-- Download.TestCase3 -->
    </test> <!-- Default test -->
  </suite> <!-- Default suite -->
</testng-results>
