<?xml version="1.0" encoding="UTF-8"?>
<!-- Generated by org.testng.reporters.JUnitXMLReporter -->
<testsuite ignored="0" hostname="JUBEAR" failures="1" tests="2" name="Test" time="0.288" errors="0" timestamp="2023-10-02T23:50:09 BDT">
  <testcase classname="Test.TestCase2" name="Test2" time="0.081"/>
  <testcase classname="Test.TestCase1" name="Test1" time="0.021">
    <failure type="java.lang.AssertionError" message="expected [true] but found [false]">
      <![CDATA[java.lang.AssertionError: expected [true] but found [false]
at Test.TestCase1.Test1(TestCase1.java:9)
at java.base/java.util.ArrayList.forEach(ArrayList.java:1511)
... Removed 31 stack frames]]>
    </failure>
  </testcase> <!-- Test1 -->
</testsuite> <!-- Test -->
